<?xml version="1.0" encoding="UTF-8"?>
<testng-results skipped="0" failed="0" ignored="0" total="1" passed="1">
  <reporter-output>
  </reporter-output>
  <suite name="Default suite" duration-ms="29" started-at="2018-05-29T10:50:08Z" finished-at="2018-05-29T10:50:08Z">
    <groups>
    </groups>
    <test name="Default test" duration-ms="29" started-at="2018-05-29T10:50:08Z" finished-at="2018-05-29T10:50:08Z">
      <class name="example.NewTest">
        <test-method status="PASS" signature="getPositiveNumber()[pri:0, instance:example.NewTest@2c039ac6]" name="getPositiveNumber" duration-ms="9" started-at="2018-05-29T10:50:08Z" finished-at="2018-05-29T10:50:08Z">
          <reporter-output>
          </reporter-output>
        </test-method> <!-- getPositiveNumber -->
      </class> <!-- example.NewTest -->
    </test> <!-- Default test -->
  </suite> <!-- Default suite -->
</testng-results>
